#
# A fatal error has been detected by the Java Runtime Environment:
#
#  EXCEPTION_ACCESS_VIOLATION (0xc0000005) at pc=0x00007ffb6458de79, pid=17008, tid=2676
#
# JRE version: OpenJDK Runtime Environment Temurin-17.0.6+10 (17.0.6+10) (build 17.0.6+10)
# Java VM: OpenJDK 64-Bit Server VM Temurin-17.0.6+10 (17.0.6+10, mixed mode, tiered, compressed oops, compressed class ptrs, g1 gc, windows-amd64)
# Problematic frame:
# V  [jvm.dll+0x23de79]
#
# No core dump will be written. Minidumps are not enabled by default on client versions of Windows
#
# If you would like to submit a bug report, please visit:
#   https://github.com/adoptium/adoptium-support/issues
#

---------------  S U M M A R Y ------------

Command Line: -XX:+ShowCodeDetailsInExceptionMessages -agentlib:jdwp=transport=dt_socket,suspend=y,address=localhost:62395 -javaagent:D:\Softwares\java softwares\eclipse\eclipse\configuration\org.eclipse.osgi\424\0\.cp\lib\javaagent-shaded.jar -Dfile.encoding=UTF-8 com.akash.securityboilercode.SecurityBoilerCodeApplication

Host: Intel(R) Core(TM) i7-10510U CPU @ 1.80GHz, 8 cores, 7G,  Windows 10 , 64 bit Build 19041 (10.0.19041.3031)
Time: Sat Jul  8 01:08:23 2023 India Standard Time elapsed time: 244.338235 seconds (0d 0h 4m 4s)

---------------  T H R E A D  ---------------

Current thread (0x000001d7c06dea20):  VMThread "VM Thread" [stack: 0x0000007b67c00000,0x0000007b67d00000] [id=2676]

Stack: [0x0000007b67c00000,0x0000007b67d00000],  sp=0x0000007b67cfef40,  free space=1019k
Native frames: (J=compiled Java code, j=interpreted, Vv=VM code, C=native code)
V  [jvm.dll+0x23de79]
V  [jvm.dll+0x62c583]
V  [jvm.dll+0x62cf41]
V  [jvm.dll+0x52a21d]
V  [jvm.dll+0x52de48]
V  [jvm.dll+0x52bc3b]
V  [jvm.dll+0x83a6eb]
V  [jvm.dll+0x83b424]
V  [jvm.dll+0x83b93c]
V  [jvm.dll+0x83bd14]
V  [jvm.dll+0x83bde0]
V  [jvm.dll+0x7e483a]
V  [jvm.dll+0x6762c5]
C  [ucrtbase.dll+0x21bb2]
C  [KERNEL32.DLL+0x17614]
C  [ntdll.dll+0x526f1]


siginfo: EXCEPTION_ACCESS_VIOLATION (0xc0000005), reading address 0x000001d7d29b0000


Register to memory mapping:

RIP=0x00007ffb6458de79 jvm.dll
RAX=0x0000000000200000 is an unknown value
RBX=0x000001d7d2702fe0 is pointing into metadata
RCX=0x000001d7d27b0000 is pointing into metadata
RDX=0x000000000000ffff is an unknown value
RSP=0x0000007b67cfef40 points into unknown readable memory: 0x000000000000000a | 0a 00 00 00 00 00 00 00
RBP=0x000001d7d2702fe0 is pointing into metadata
RSI=0x000000000000ffff is an unknown value
RDI=0x000000000000ffff is an unknown value
R8 ={method} {0x000001d7d27037b0} '<init>' '(Lcom/akash/securityboilercode/config/AuthenticationWrapperService;Lcom/akash/securityboilercode/repository/EmployeeRepository;Lcom/akash/securityboilercode/services/EmployeeService;)V' in 'com/akash/securityboilercode/controllers/EmployeesController'
R9 =0x0000007b67cff020 points into unknown readable memory: 0x000001d7d27037a8 | a8 37 70 d2 d7 01 00 00
R10=0x000001d7c06cd5c0 points into unknown readable memory: 0x0000001e00000002 | 02 00 00 00 1e 00 00 00
R11={method} {0x000001d7d27037b0} '<init>' '(Lcom/akash/securityboilercode/config/AuthenticationWrapperService;Lcom/akash/securityboilercode/repository/EmployeeRepository;Lcom/akash/securityboilercode/services/EmployeeService;)V' in 'com/akash/securityboilercode/controllers/EmployeesController'
R12=0x000001d7d2661bb8 is pointing into metadata
R13=0x00007ffb64350000 jvm.dll
R14=0x0000007b67cff050 points into unknown readable memory: 0x000001d7d2662350 | 50 23 66 d2 d7 01 00 00
R15=0x000001d7d2702fe0 is pointing into metadata


Registers:
RAX=0x0000000000200000, RBX=0x000001d7d2702fe0, RCX=0x000001d7d27b0000, RDX=0x000000000000ffff
RSP=0x0000007b67cfef40, RBP=0x000001d7d2702fe0, RSI=0x000000000000ffff, RDI=0x000000000000ffff
R8 =0x000001d7d27037a8, R9 =0x0000007b67cff020, R10=0x000001d7c06cd5c0, R11=0x000001d7d27037a8
R12=0x000001d7d2661bb8, R13=0x00007ffb64350000, R14=0x0000007b67cff050, R15=0x000001d7d2702fe0
RIP=0x00007ffb6458de79, EFLAGS=0x0000000000010206

Top of Stack: (sp=0x0000007b67cfef40)
0x0000007b67cfef40:   000000000000000a 00007ffbc4f1b3c7
0x0000007b67cfef50:   000001d7a4560000 0000000000000000
0x0000007b67cfef60:   0000000000000006 00007ffb6497c583
0x0000007b67cfef70:   00000000000000b7 00007ffb6469a9b4
0x0000007b67cfef80:   0000007b67cff020 0000000000000000
0x0000007b67cfef90:   0000000100b2d858 00007ffbc4f15ba1
0x0000007b67cfefa0:   0000007b67cff020 00007ffb64476cfe
0x0000007b67cfefb0:   000001d7d27037a8 000001d7c1d2cb10
0x0000007b67cfefc0:   000001d7d2702fe0 000001d7d2703751
0x0000007b67cfefd0:   00000000000000b7 00007ffb6497cf41
0x0000007b67cfefe0:   00000000000000b7 0000007b67cff059
0x0000007b67cfeff0:   00000000000000b7 0000007b67cff0b0
0x0000007b67cff000:   000001d7d2661bb8 000001d7d2702fe0
0x0000007b67cff010:   000001d7d27037a8 000001d7c06dea20
0x0000007b67cff020:   000001d7d27037a8 000001d7c06dea20
0x0000007b67cff030:   0000000400000001 000000b700000014 

Instructions: (pc=0x00007ffb6458de79)
0x00007ffb6458dd79:   cc cc cc cc cc cc cc 48 89 5c 24 10 48 89 74 24
0x00007ffb6458dd89:   18 57 48 83 ec 30 48 63 da 49 8b f0 48 8b f9 85
0x00007ffb6458dd99:   d2 79 24 4c 8d 0d e5 4f 70 00 ba b4 02 00 00 4c
0x00007ffb6458dda9:   8d 05 11 50 70 00 48 8d 0d 8a 4f 70 00 e8 b5 78
0x00007ffb6458ddb9:   00 00 e8 d0 91 43 00 48 8b 4f 10 48 85 c9 74 0f
0x00007ffb6458ddc9:   48 8d 43 01 48 c1 e0 05 48 8b 04 08 0f b7 d8 48
0x00007ffb6458ddd9:   63 c3 48 8d 54 24 40 48 89 7c 24 20 48 89 74 24
0x00007ffb6458dde9:   28 48 8b 8e 40 02 00 00 8b 5c c7 48 48 89 7c 24
0x00007ffb6458ddf9:   40 e8 11 cc dc ff 0f b7 d3 48 8d 4c 24 20 4c 8b
0x00007ffb6458de09:   c6 e8 f1 fb ff ff 48 8d 4c 24 20 48 8b d8 e8 24
0x00007ffb6458de19:   cc 10 00 48 8b 74 24 50 48 8b c3 48 8b 5c 24 48
0x00007ffb6458de29:   48 83 c4 30 5f c3 cc 48 89 5c 24 08 57 48 83 ec
0x00007ffb6458de39:   20 48 63 fa 48 8b d9 85 d2 79 24 4c 8d 0d 3d 4f
0x00007ffb6458de49:   70 00 ba b4 02 00 00 4c 8d 05 69 4f 70 00 48 8d
0x00007ffb6458de59:   0d e2 4e 70 00 e8 0d 78 00 00 e8 28 91 43 00 48
0x00007ffb6458de69:   8b 4b 10 48 85 c9 74 0f 48 8d 47 01 48 c1 e0 05
0x00007ffb6458de79:   48 8b 04 08 0f b7 f8 48 63 c7 0f b7 4c c3 48 0f
0x00007ffb6458de89:   b7 44 cb 4a 48 8b 44 c3 48 48 8b 5c 24 30 48 83
0x00007ffb6458de99:   c4 20 5f c3 cc cc cc 4c 8b 41 20 4d 8b 00 e9 64
0x00007ffb6458dea9:   02 00 00 cc cc cc cc 48 8b 49 20 48 8b 09 e9 24
0x00007ffb6458deb9:   59 00 00 cc cc cc cc 48 89 5c 24 18 56 57 41 56
0x00007ffb6458dec9:   48 83 ec 20 48 83 3d eb b5 91 00 00 4c 8b f2 48
0x00007ffb6458ded9:   8b f9 74 0f 48 8b d1 48 8d 0d 31 4e 70 00 e8 d4
0x00007ffb6458dee9:   8d e6 ff 45 33 c0 41 8d 50 17 8d 4a 11 e8 f5 82
0x00007ffb6458def9:   e6 ff 33 db 48 85 c0 74 22 48 8d 4f 08 89 58 08
0x00007ffb6458df09:   48 89 48 20 48 8d 0d ec 47 6d 00 48 89 08 88 58
0x00007ffb6458df19:   0c 48 89 58 10 48 89 58 18 eb 03 48 8b c3 48 8b
0x00007ffb6458df29:   d0 49 8b ce e8 0e 0e 3e 00 45 33 c0 41 8d 50 17
0x00007ffb6458df39:   8d 4a 11 e8 af 82 e6 ff 48 85 c0 74 27 48 8d 0d
0x00007ffb6458df49:   03 53 70 00 c7 40 08 02 00 00 00 48 89 08 48 8d
0x00007ffb6458df59:   4f 10 48 89 48 20 c6 40 0c 00 48 89 58 10 48 89
0x00007ffb6458df69:   58 18 eb 03 48 8b c3 48 8b d0 49 8b ce e8 c5 0d 


Stack slot to memory mapping:
stack at sp + 0 slots: 0x000000000000000a is an unknown value
stack at sp + 1 slots: 0x00007ffbc4f1b3c7 ntdll.dll
stack at sp + 2 slots: 0x000001d7a4560000 points into unknown readable memory: 0x0000000000000000 | 00 00 00 00 00 00 00 00
stack at sp + 3 slots: 0x0 is NULL
stack at sp + 4 slots: 0x0000000000000006 is an unknown value
stack at sp + 5 slots: 0x00007ffb6497c583 jvm.dll
stack at sp + 6 slots: 0x00000000000000b7 is an unknown value
stack at sp + 7 slots: 0x00007ffb6469a9b4 jvm.dll

VM_Operation (0x0000007b687ff410): RedefineClasses, mode: safepoint, requested by thread 0x000001d7c1284260, redefining class com.akash.securityboilercode.controllers.EmployeesController



---------------  P R O C E S S  ---------------

Threads class SMR info:
_java_thread_list=0x000001d7c661b520, length=34, elements={
0x000001d7c06e4180, 0x000001d7c06b9d50, 0x000001d7c06bf7f0, 0x000001d7c06c02b0,
0x000001d7c06c2c80, 0x000001d7c103b3f0, 0x000001d7c103f8e0, 0x000001d7c1040290,
0x000001d7c1053360, 0x000001d7c11e3da0, 0x000001d7c1284260, 0x000001d7c1374fb0,
0x000001d7c13754a0, 0x000001d7c11e38d0, 0x000001d7c6539080, 0x000001d7c65356c0,
0x000001d7c40d7610, 0x000001d7c40da630, 0x000001d7c40dab00, 0x000001d7c40d7140,
0x000001d7c40d7ae0, 0x000001d7c40d5e00, 0x000001d7c40d62d0, 0x000001d7c40d4ac0,
0x000001d7c40d45f0, 0x000001d7c40d5460, 0x000001d7c40d5930, 0x000001d7c40d67a0,
0x000001d7c40d92f0, 0x000001d7c40d8e20, 0x000001d7c40d6c70, 0x000001d7c40d32b0,
0x000001d7c40d3c50, 0x000001d7c40d3780
}

Java Threads: ( => current thread )
  0x000001d7c06e4180 JavaThread "Reference Handler" daemon [_thread_blocked, id=13740, stack(0x0000007b67d00000,0x0000007b67e00000)]
  0x000001d7c06b9d50 JavaThread "Finalizer" daemon [_thread_blocked, id=12896, stack(0x0000007b67e00000,0x0000007b67f00000)]
  0x000001d7c06bf7f0 JavaThread "Signal Dispatcher" daemon [_thread_blocked, id=6036, stack(0x0000007b67f00000,0x0000007b68000000)]
  0x000001d7c06c02b0 JavaThread "Attach Listener" daemon [_thread_blocked, id=13548, stack(0x0000007b68000000,0x0000007b68100000)]
  0x000001d7c06c2c80 JavaThread "Service Thread" daemon [_thread_blocked, id=19688, stack(0x0000007b68100000,0x0000007b68200000)]
  0x000001d7c103b3f0 JavaThread "Monitor Deflation Thread" daemon [_thread_blocked, id=7696, stack(0x0000007b68200000,0x0000007b68300000)]
  0x000001d7c103f8e0 JavaThread "C2 CompilerThread0" daemon [_thread_blocked, id=11568, stack(0x0000007b68300000,0x0000007b68400000)]
  0x000001d7c1040290 JavaThread "C1 CompilerThread0" daemon [_thread_blocked, id=6172, stack(0x0000007b68400000,0x0000007b68500000)]
  0x000001d7c1053360 JavaThread "Sweeper thread" daemon [_thread_blocked, id=18948, stack(0x0000007b68500000,0x0000007b68600000)]
  0x000001d7c11e3da0 JavaThread "Common-Cleaner" daemon [_thread_blocked, id=16412, stack(0x0000007b68600000,0x0000007b68700000)]
  0x000001d7c1284260 JavaThread "JDWP Transport Listener: dt_socket" daemon [_thread_blocked, id=16936, stack(0x0000007b68700000,0x0000007b68800000)]
  0x000001d7c1374fb0 JavaThread "JDWP Event Helper Thread" daemon [_thread_blocked, id=244, stack(0x0000007b68800000,0x0000007b68900000)]
  0x000001d7c13754a0 JavaThread "JDWP Command Reader" daemon [_thread_in_native, id=17536, stack(0x0000007b68900000,0x0000007b68a00000)]
  0x000001d7c11e38d0 JavaThread "Notification Thread" daemon [_thread_blocked, id=18592, stack(0x0000007b68b00000,0x0000007b68c00000)]
  0x000001d7c6539080 JavaThread "mysql-cj-abandoned-connection-cleanup" daemon [_thread_blocked, id=7996, stack(0x0000007b69b00000,0x0000007b69c00000)]
  0x000001d7c65356c0 JavaThread "Live Reload Server" daemon [_thread_in_native, id=13048, stack(0x0000007b6a000000,0x0000007b6a100000)]
  0x000001d7c40d7610 JavaThread "DestroyJavaVM" [_thread_blocked, id=14044, stack(0x0000007b67600000,0x0000007b67700000)]
  0x000001d7c40da630 JavaThread "Catalina-utility-1" [_thread_blocked, id=2328, stack(0x0000007b69400000,0x0000007b69500000)]
  0x000001d7c40dab00 JavaThread "Catalina-utility-2" [_thread_blocked, id=19160, stack(0x0000007b69500000,0x0000007b69600000)]
  0x000001d7c40d7140 JavaThread "container-0" [_thread_blocked, id=16300, stack(0x0000007b69600000,0x0000007b69700000)]
  0x000001d7c40d7ae0 JavaThread "HikariPool-2 housekeeper" daemon [_thread_blocked, id=4988, stack(0x0000007b69700000,0x0000007b69800000)]
  0x000001d7c40d5e00 JavaThread "File Watcher" daemon [_thread_blocked, id=8364, stack(0x0000007b69a00000,0x0000007b69b00000)]
  0x000001d7c40d62d0 JavaThread "http-nio-8080-exec-1" daemon [_thread_blocked, id=6492, stack(0x0000007b69d00000,0x0000007b69e00000)]
  0x000001d7c40d4ac0 JavaThread "http-nio-8080-exec-2" daemon [_thread_blocked, id=10512, stack(0x0000007b69e00000,0x0000007b69f00000)]
  0x000001d7c40d45f0 JavaThread "http-nio-8080-exec-3" daemon [_thread_blocked, id=21088, stack(0x0000007b69f00000,0x0000007b6a000000)]
  0x000001d7c40d5460 JavaThread "http-nio-8080-exec-4" daemon [_thread_blocked, id=9260, stack(0x0000007b6a100000,0x0000007b6a200000)]
  0x000001d7c40d5930 JavaThread "http-nio-8080-exec-5" daemon [_thread_blocked, id=14316, stack(0x0000007b6a200000,0x0000007b6a300000)]
  0x000001d7c40d67a0 JavaThread "http-nio-8080-exec-6" daemon [_thread_blocked, id=4608, stack(0x0000007b6a300000,0x0000007b6a400000)]
  0x000001d7c40d92f0 JavaThread "http-nio-8080-exec-7" daemon [_thread_blocked, id=18384, stack(0x0000007b6a400000,0x0000007b6a500000)]
  0x000001d7c40d8e20 JavaThread "http-nio-8080-exec-8" daemon [_thread_blocked, id=2244, stack(0x0000007b6a500000,0x0000007b6a600000)]
  0x000001d7c40d6c70 JavaThread "http-nio-8080-exec-9" daemon [_thread_blocked, id=4992, stack(0x0000007b6a600000,0x0000007b6a700000)]
  0x000001d7c40d32b0 JavaThread "http-nio-8080-exec-10" daemon [_thread_blocked, id=9836, stack(0x0000007b6a700000,0x0000007b6a800000)]
  0x000001d7c40d3c50 JavaThread "http-nio-8080-Poller" daemon [_thread_in_native, id=21172, stack(0x0000007b6a800000,0x0000007b6a900000)]
  0x000001d7c40d3780 JavaThread "http-nio-8080-Acceptor" daemon [_thread_in_native, id=17528, stack(0x0000007b6a900000,0x0000007b6aa00000)]

Other Threads:
=>0x000001d7c06dea20 VMThread "VM Thread" [stack: 0x0000007b67c00000,0x0000007b67d00000] [id=2676]
  0x000001d7c1b94700 WatcherThread [stack: 0x0000007b68c00000,0x0000007b68d00000] [id=8656]
  0x000001d7a682ac50 GCTaskThread "GC Thread#0" [stack: 0x0000007b67700000,0x0000007b67800000] [id=15684]
  0x000001d7c296d840 GCTaskThread "GC Thread#1" [stack: 0x0000007b68d00000,0x0000007b68e00000] [id=19168]
  0x000001d7c29624b0 GCTaskThread "GC Thread#2" [stack: 0x0000007b68e00000,0x0000007b68f00000] [id=4280]
  0x000001d7c288a660 GCTaskThread "GC Thread#3" [stack: 0x0000007b68f00000,0x0000007b69000000] [id=10140]
  0x000001d7c288a910 GCTaskThread "GC Thread#4" [stack: 0x0000007b69000000,0x0000007b69100000] [id=5376]
  0x000001d7c2842380 GCTaskThread "GC Thread#5" [stack: 0x0000007b69100000,0x0000007b69200000] [id=15796]
  0x000001d7c2842630 GCTaskThread "GC Thread#6" [stack: 0x0000007b69200000,0x0000007b69300000] [id=10916]
  0x000001d7c28430f0 GCTaskThread "GC Thread#7" [stack: 0x0000007b69300000,0x0000007b69400000] [id=17456]
  0x000001d7a683b520 ConcurrentGCThread "G1 Main Marker" [stack: 0x0000007b67800000,0x0000007b67900000] [id=14024]
  0x000001d7a683c5e0 ConcurrentGCThread "G1 Conc#0" [stack: 0x0000007b67900000,0x0000007b67a00000] [id=15116]
  0x000001d7c2be0010 ConcurrentGCThread "G1 Conc#1" [stack: 0x0000007b69800000,0x0000007b69900000] [id=15168]
  0x000001d7a688db50 ConcurrentGCThread "G1 Refine#0" [stack: 0x0000007b67a00000,0x0000007b67b00000] [id=7764]
  0x000001d7a688e480 ConcurrentGCThread "G1 Service" [stack: 0x0000007b67b00000,0x0000007b67c00000] [id=16240]

Threads with active compile tasks:

VM state: at safepoint (normal execution)

VM Mutex/Monitor currently owned by a thread:  ([mutex/lock_event])
[0x000001d7a67ce350] Threads_lock - owner thread: 0x000001d7c06dea20

Heap address: 0x0000000082400000, size: 2012 MB, Compressed Oops mode: 32-bit

CDS archive(s) not mapped
Compressed class space mapped at: 0x0000000100000000-0x0000000140000000, reserved size: 1073741824
Narrow klass base: 0x0000000000000000, Narrow klass shift: 3, Narrow klass range: 0x140000000

GC Precious Log:
 CPUs: 8 total, 8 available
 Memory: 8043M
 Large Page Support: Disabled
 NUMA Support: Disabled
 Compressed Oops: Enabled (32-bit)
 Heap Region Size: 1M
 Heap Min Capacity: 8M
 Heap Initial Capacity: 126M
 Heap Max Capacity: 2012M
 Pre-touch: Disabled
 Parallel Workers: 8
 Concurrent Workers: 2
 Concurrent Refinement Workers: 8
 Periodic GC: Disabled

Heap:
 garbage-first heap   total 72704K, used 50313K [0x0000000082400000, 0x0000000100000000)
  region size 1024K, 16 young (16384K), 3 survivors (3072K)
 Metaspace       used 88125K, committed 88768K, reserved 1130496K
  class space    used 11179K, committed 11456K, reserved 1048576K

Heap Regions: E=young(eden), S=young(survivor), O=old, HS=humongous(starts), HC=humongous(continues), CS=collection set, F=free, OA=open archive, CA=closed archive, TAMS=top-at-mark-start (previous, next)
|   0|0x0000000082400000, 0x0000000082500000, 0x0000000082500000|100%|HS|  |TAMS 0x0000000082500000, 0x0000000082400000| Complete 
|   1|0x0000000082500000, 0x00000000825fffe8, 0x0000000082600000| 99%| O|  |TAMS 0x00000000825fffe8, 0x0000000082500000| Untracked 
|   2|0x0000000082600000, 0x0000000082700000, 0x0000000082700000|100%| O|  |TAMS 0x0000000082700000, 0x0000000082600000| Untracked 
|   3|0x0000000082700000, 0x0000000082800000, 0x0000000082800000|100%| O|  |TAMS 0x0000000082800000, 0x0000000082700000| Untracked 
|   4|0x0000000082800000, 0x0000000082900000, 0x0000000082900000|100%| O|  |TAMS 0x0000000082900000, 0x0000000082800000| Untracked 
|   5|0x0000000082900000, 0x0000000082a00000, 0x0000000082a00000|100%| O|  |TAMS 0x0000000082a00000, 0x0000000082900000| Untracked 
|   6|0x0000000082a00000, 0x0000000082b00000, 0x0000000082b00000|100%| O|  |TAMS 0x0000000082b00000, 0x0000000082a00000| Untracked 
|   7|0x0000000082b00000, 0x0000000082bfffe8, 0x0000000082c00000| 99%| O|  |TAMS 0x0000000082bfffe8, 0x0000000082b00000| Untracked 
|   8|0x0000000082c00000, 0x0000000082cffff8, 0x0000000082d00000| 99%| O|  |TAMS 0x0000000082cffff8, 0x0000000082c00000| Untracked 
|   9|0x0000000082d00000, 0x0000000082e00000, 0x0000000082e00000|100%| O|  |TAMS 0x0000000082e00000, 0x0000000082d00000| Untracked 
|  10|0x0000000082e00000, 0x0000000082effff8, 0x0000000082f00000| 99%| O|  |TAMS 0x0000000082effff8, 0x0000000082e00000| Untracked 
|  11|0x0000000082f00000, 0x0000000083000000, 0x0000000083000000|100%| O|  |TAMS 0x0000000083000000, 0x0000000082f00000| Untracked 
|  12|0x0000000083000000, 0x00000000830ffff0, 0x0000000083100000| 99%| O|  |TAMS 0x00000000830ffff0, 0x0000000083000000| Untracked 
|  13|0x0000000083100000, 0x00000000831ffff8, 0x0000000083200000| 99%| O|  |TAMS 0x00000000831ffff8, 0x0000000083100000| Untracked 
|  14|0x0000000083200000, 0x00000000832ffff0, 0x0000000083300000| 99%| O|  |TAMS 0x00000000832ffff0, 0x0000000083200000| Untracked 
|  15|0x0000000083300000, 0x00000000833fffa8, 0x0000000083400000| 99%| O|  |TAMS 0x00000000833fffa8, 0x0000000083300000| Untracked 
|  16|0x0000000083400000, 0x00000000834ffff8, 0x0000000083500000| 99%| O|  |TAMS 0x00000000834ffff8, 0x0000000083400000| Untracked 
|  17|0x0000000083500000, 0x00000000835fffb0, 0x0000000083600000| 99%| O|  |TAMS 0x00000000835fffb0, 0x0000000083500000| Untracked 
|  18|0x0000000083600000, 0x00000000836fffb8, 0x0000000083700000| 99%| O|  |TAMS 0x00000000836fffb8, 0x0000000083600000| Untracked 
|  19|0x0000000083700000, 0x00000000837fb810, 0x0000000083800000| 98%| O|  |TAMS 0x00000000837fb810, 0x0000000083700000| Untracked 
|  20|0x0000000083800000, 0x00000000838fffc0, 0x0000000083900000| 99%| O|  |TAMS 0x00000000838fffc0, 0x0000000083800000| Untracked 
|  21|0x0000000083900000, 0x00000000839ffff0, 0x0000000083a00000| 99%| O|  |TAMS 0x00000000839ffff0, 0x0000000083900000| Untracked 
|  22|0x0000000083a00000, 0x0000000083affff0, 0x0000000083b00000| 99%| O|  |TAMS 0x0000000083affff0, 0x0000000083a00000| Untracked 
|  23|0x0000000083b00000, 0x0000000083bfffe0, 0x0000000083c00000| 99%| O|  |TAMS 0x0000000083bfffe0, 0x0000000083b00000| Untracked 
|  24|0x0000000083c00000, 0x0000000083c1c968, 0x0000000083d00000| 11%| O|  |TAMS 0x0000000083c1c968, 0x0000000083c00000| Complete 
|  25|0x0000000083d00000, 0x0000000083dffff0, 0x0000000083e00000| 99%| O|  |TAMS 0x0000000083dffff0, 0x0000000083d00000| Complete 
|  26|0x0000000083e00000, 0x0000000083efd7f0, 0x0000000083f00000| 99%| O|  |TAMS 0x0000000083efd7f0, 0x0000000083e00000| Untracked 
|  27|0x0000000083f00000, 0x0000000083ffffd0, 0x0000000084000000| 99%| O|  |TAMS 0x0000000083ffffd0, 0x0000000083f00000| Untracked 
|  28|0x0000000084000000, 0x0000000084100000, 0x0000000084100000|100%| O|  |TAMS 0x0000000084100000, 0x0000000084000000| Untracked 
|  29|0x0000000084100000, 0x00000000841ffff8, 0x0000000084200000| 99%| O|  |TAMS 0x00000000841ffff8, 0x0000000084100000| Complete 
|  30|0x0000000084200000, 0x0000000084300000, 0x0000000084300000|100%| O|  |TAMS 0x0000000084300000, 0x0000000084200000| Complete 
|  31|0x0000000084300000, 0x000000008430aa88, 0x0000000084400000|  4%| O|  |TAMS 0x000000008430aa88, 0x0000000084300000| Complete 
|  32|0x0000000084400000, 0x0000000084500000, 0x0000000084500000|100%| O|  |TAMS 0x0000000084500000, 0x0000000084400000| Untracked 
|  33|0x0000000084500000, 0x0000000084600000, 0x0000000084600000|100%| O|  |TAMS 0x0000000084600000, 0x0000000084500000| Complete 
|  34|0x0000000084600000, 0x000000008461f6a0, 0x0000000084700000| 12%| O|  |TAMS 0x000000008461f6a0, 0x0000000084600000| Complete 
|  35|0x0000000084700000, 0x0000000084800000, 0x0000000084800000|100%| O|  |TAMS 0x00000000847a5000, 0x0000000084700000| Untracked 
|  36|0x0000000084800000, 0x00000000848e2e00, 0x0000000084900000| 88%| O|  |TAMS 0x0000000084800000, 0x0000000084800000| Untracked 
|  37|0x0000000084900000, 0x0000000084900000, 0x0000000084a00000|  0%| F|  |TAMS 0x0000000084900000, 0x0000000084900000| Untracked 
|  38|0x0000000084a00000, 0x0000000084a00000, 0x0000000084b00000|  0%| F|  |TAMS 0x0000000084a00000, 0x0000000084a00000| Untracked 
|  39|0x0000000084b00000, 0x0000000084b00000, 0x0000000084c00000|  0%| F|  |TAMS 0x0000000084b00000, 0x0000000084b00000| Untracked 
|  40|0x0000000084c00000, 0x0000000084c00000, 0x0000000084d00000|  0%| F|  |TAMS 0x0000000084c00000, 0x0000000084c00000| Untracked 
|  41|0x0000000084d00000, 0x0000000084d00000, 0x0000000084e00000|  0%| F|  |TAMS 0x0000000084d00000, 0x0000000084d00000| Untracked 
|  42|0x0000000084e00000, 0x0000000084e00000, 0x0000000084f00000|  0%| F|  |TAMS 0x0000000084e00000, 0x0000000084e00000| Untracked 
|  43|0x0000000084f00000, 0x0000000084f00000, 0x0000000085000000|  0%| F|  |TAMS 0x0000000084f00000, 0x0000000084f00000| Untracked 
|  44|0x0000000085000000, 0x0000000085000000, 0x0000000085100000|  0%| F|  |TAMS 0x0000000085000000, 0x0000000085000000| Untracked 
|  45|0x0000000085100000, 0x0000000085100000, 0x0000000085200000|  0%| F|  |TAMS 0x0000000085100000, 0x0000000085100000| Untracked 
|  46|0x0000000085200000, 0x0000000085200000, 0x0000000085300000|  0%| F|  |TAMS 0x0000000085200000, 0x0000000085200000| Untracked 
|  47|0x0000000085300000, 0x0000000085400000, 0x0000000085400000|100%| S|CS|TAMS 0x0000000085300000, 0x0000000085300000| Complete 
|  48|0x0000000085400000, 0x0000000085400000, 0x0000000085500000|  0%| F|  |TAMS 0x0000000085400000, 0x0000000085400000| Untracked 
|  49|0x0000000085500000, 0x0000000085600000, 0x0000000085600000|100%| S|CS|TAMS 0x0000000085500000, 0x0000000085500000| Complete 
|  50|0x0000000085600000, 0x0000000085700000, 0x0000000085700000|100%| S|CS|TAMS 0x0000000085600000, 0x0000000085600000| Complete 
|  51|0x0000000085700000, 0x0000000085700000, 0x0000000085800000|  0%| F|  |TAMS 0x0000000085700000, 0x0000000085700000| Untracked 
|  52|0x0000000085800000, 0x0000000085800000, 0x0000000085900000|  0%| F|  |TAMS 0x0000000085800000, 0x0000000085800000| Untracked 
|  53|0x0000000085900000, 0x0000000085900000, 0x0000000085a00000|  0%| F|  |TAMS 0x0000000085900000, 0x0000000085900000| Untracked 
|  54|0x0000000085a00000, 0x0000000085a00000, 0x0000000085b00000|  0%| F|  |TAMS 0x0000000085a00000, 0x0000000085a00000| Untracked 
|  55|0x0000000085b00000, 0x0000000085b00000, 0x0000000085c00000|  0%| F|  |TAMS 0x0000000085b00000, 0x0000000085b00000| Untracked 
|  56|0x0000000085c00000, 0x0000000085c00000, 0x0000000085d00000|  0%| F|  |TAMS 0x0000000085c00000, 0x0000000085c00000| Untracked 
|  57|0x0000000085d00000, 0x0000000085d00000, 0x0000000085e00000|  0%| F|  |TAMS 0x0000000085d00000, 0x0000000085d00000| Untracked 
|  58|0x0000000085e00000, 0x0000000085eccf58, 0x0000000085f00000| 80%| E|  |TAMS 0x0000000085e00000, 0x0000000085e00000| Complete 
|  59|0x0000000085f00000, 0x0000000086000000, 0x0000000086000000|100%| E|CS|TAMS 0x0000000085f00000, 0x0000000085f00000| Complete 
|  60|0x0000000086000000, 0x0000000086100000, 0x0000000086100000|100%| E|CS|TAMS 0x0000000086000000, 0x0000000086000000| Complete 
|  61|0x0000000086100000, 0x0000000086200000, 0x0000000086200000|100%| E|CS|TAMS 0x0000000086100000, 0x0000000086100000| Complete 
|  62|0x0000000086200000, 0x0000000086300000, 0x0000000086300000|100%| E|CS|TAMS 0x0000000086200000, 0x0000000086200000| Complete 
|  63|0x0000000086300000, 0x0000000086400000, 0x0000000086400000|100%| E|CS|TAMS 0x0000000086300000, 0x0000000086300000| Complete 
|  64|0x0000000086400000, 0x0000000086500000, 0x0000000086500000|100%| E|CS|TAMS 0x0000000086400000, 0x0000000086400000| Complete 
|  65|0x0000000086500000, 0x0000000086600000, 0x0000000086600000|100%| E|CS|TAMS 0x0000000086500000, 0x0000000086500000| Complete 
|  66|0x0000000086600000, 0x0000000086700000, 0x0000000086700000|100%| E|CS|TAMS 0x0000000086600000, 0x0000000086600000| Complete 
|  77|0x0000000087100000, 0x0000000087200000, 0x0000000087200000|100%| E|CS|TAMS 0x0000000087100000, 0x0000000087100000| Complete 
|  78|0x0000000087200000, 0x0000000087300000, 0x0000000087300000|100%| E|CS|TAMS 0x0000000087200000, 0x0000000087200000| Complete 
|  79|0x0000000087300000, 0x0000000087400000, 0x0000000087400000|100%| E|CS|TAMS 0x0000000087300000, 0x0000000087300000| Complete 
| 125|0x000000008a100000, 0x000000008a200000, 0x000000008a200000|100%| E|CS|TAMS 0x000000008a100000, 0x000000008a100000| Complete 

Card table byte_map: [0x000001d7b95a0000,0x000001d7b9990000] _byte_map_base: 0x000001d7b918e000

Marking Bits (Prev, Next): (CMBitMap*) 0x000001d7a682b0b0, (CMBitMap*) 0x000001d7a682b070
 Prev Bits: [0x000001d7bbcf0000, 0x000001d7bdc60000)
 Next Bits: [0x000001d7b9d80000, 0x000001d7bbcf0000)

Polling page: 0x000001d7a5f90000

Metaspace:

Usage:
  Non-class:     75.14 MB used.
      Class:     10.92 MB used.
       Both:     86.06 MB used.

Virtual space:
  Non-class space:       80.00 MB reserved,      75.50 MB ( 94%) committed,  10 nodes.
      Class space:        1.00 GB reserved,      11.19 MB (  1%) committed,  1 nodes.
             Both:        1.08 GB reserved,      86.69 MB (  8%) committed. 

Chunk freelists:
   Non-Class:  304.00 KB
       Class:  716.00 KB
        Both:  1020.00 KB

MaxMetaspaceSize: unlimited
CompressedClassSpaceSize: 1.00 GB
Initial GC threshold: 21.00 MB
Current GC threshold: 143.56 MB
CDS: off
MetaspaceReclaimPolicy: balanced
 - commit_granule_bytes: 65536.
 - commit_granule_words: 8192.
 - virtual_space_node_default_size: 1048576.
 - enlarge_chunks_in_place: 1.
 - new_chunks_are_fully_committed: 0.
 - uncommit_free_chunks: 1.
 - use_allocation_guard: 0.
 - handle_deallocations: 1.


Internal statistics:

num_allocs_failed_limit: 6.
num_arena_births: 860.
num_arena_deaths: 2.
num_vsnodes_births: 11.
num_vsnodes_deaths: 0.
num_space_committed: 1387.
num_space_uncommitted: 0.
num_chunks_returned_to_freelist: 9.
num_chunks_taken_from_freelist: 3646.
num_chunk_merges: 6.
num_chunk_splits: 2643.
num_chunks_enlarged: 2095.
num_purges: 4.
num_inconsistent_stats: 0.

CodeHeap 'non-profiled nmethods': size=120000Kb used=6854Kb max_used=6854Kb free=113145Kb
 bounds [0x000001d7b1950000, 0x000001d7b2010000, 0x000001d7b8e80000]
CodeHeap 'profiled nmethods': size=120000Kb used=15330Kb max_used=15330Kb free=104669Kb
 bounds [0x000001d7a9e80000, 0x000001d7aad80000, 0x000001d7b13b0000]
CodeHeap 'non-nmethods': size=5760Kb used=1460Kb max_used=1572Kb free=4299Kb
 bounds [0x000001d7b13b0000, 0x000001d7b1620000, 0x000001d7b1950000]
 total_blobs=8344 nmethods=7615 adapters=640
 compilation: enabled
              stopped_count=0, restarted_count=0
 full_count=0

Compilation events (20 events):
Event: 211.272 Thread 0x000001d7c103f8e0 8845       4       org.springframework.util.ConcurrentReferenceHashMap$ReferenceManager::createReference (43 bytes)
Event: 211.282 Thread 0x000001d7c103f8e0 nmethod 8845 0x000001d7b1ff8b90 code [0x000001d7b1ff8d20, 0x000001d7b1ff92f8]
Event: 211.282 Thread 0x000001d7c103f8e0 8838       4       org.springframework.util.StringUtils::hasText (24 bytes)
Event: 211.287 Thread 0x000001d7c103f8e0 nmethod 8838 0x000001d7b1ff9490 code [0x000001d7b1ff9620, 0x000001d7b1ff97e8]
Event: 211.287 Thread 0x000001d7c103f8e0 8846       4       org.springframework.boot.devtools.restart.classloader.ClassLoaderFiles::getFile (54 bytes)
Event: 211.293 Thread 0x000001d7c103f8e0 nmethod 8846 0x000001d7b1ff9a10 code [0x000001d7b1ff9ba0, 0x000001d7b1ff9e78]
Event: 213.530 Thread 0x000001d7c1040290 8849       3       java.util.concurrent.ScheduledThreadPoolExecutor$ScheduledFutureTask::run (57 bytes)
Event: 213.531 Thread 0x000001d7c1040290 nmethod 8849 0x000001d7aad74790 code [0x000001d7aad749a0, 0x000001d7aad74e38]
Event: 213.531 Thread 0x000001d7c1040290 8850   !   3       java.util.concurrent.FutureTask::runAndReset (125 bytes)
Event: 213.536 Thread 0x000001d7c1040290 nmethod 8850 0x000001d7aad75010 code [0x000001d7aad75480, 0x000001d7aad77828]
Event: 222.297 Thread 0x000001d7c1040290 8851       3       java.util.Date::<init> (8 bytes)
Event: 222.298 Thread 0x000001d7c1040290 nmethod 8851 0x000001d7aad78490 code [0x000001d7aad78640, 0x000001d7aad78838]
Event: 222.634 Thread 0x000001d7c1040290 8852       1       org.apache.catalina.webresources.CachedResource::getNextCheck (5 bytes)
Event: 222.634 Thread 0x000001d7c1040290 nmethod 8852 0x000001d7b1ffa110 code [0x000001d7b1ffa2a0, 0x000001d7b1ffa378]
Event: 224.338 Thread 0x000001d7c103f8e0 8853       4       java.util.concurrent.ConcurrentHashMap$BaseIterator::<init> (21 bytes)
Event: 224.357 Thread 0x000001d7c103f8e0 nmethod 8853 0x000001d7b1ffa410 code [0x000001d7b1ffa5a0, 0x000001d7b1ffab98]
Event: 231.585 Thread 0x000001d7c103f8e0 8854       4       java.io.File::listFiles (52 bytes)
Event: 231.609 Thread 0x000001d7c103f8e0 nmethod 8854 0x000001d7b1ffad90 code [0x000001d7b1ffaf60, 0x000001d7b1ffb6d8]
Event: 231.609 Thread 0x000001d7c103f8e0 8855       4       org.springframework.boot.devtools.filewatch.DirectorySnapshot::collectFiles (99 bytes)
Event: 231.727 Thread 0x000001d7c103f8e0 nmethod 8855 0x000001d7b1ffbb10 code [0x000001d7b1ffbea0, 0x000001d7b1fff978]

GC Heap History (20 events):
Event: 18.262 GC heap before
{Heap before GC invocations=38 (full 0):
 garbage-first heap   total 60416K, used 49609K [0x0000000082400000, 0x0000000100000000)
  region size 1024K, 21 young (21504K), 3 survivors (3072K)
 Metaspace       used 77428K, committed 78016K, reserved 1122304K
  class space    used 9894K, committed 10176K, reserved 1048576K
}
Event: 18.266 GC heap after
{Heap after GC invocations=39 (full 0):
 garbage-first heap   total 72704K, used 32298K [0x0000000082400000, 0x0000000100000000)
  region size 1024K, 3 young (3072K), 3 survivors (3072K)
 Metaspace       used 77428K, committed 78016K, reserved 1122304K
  class space    used 9894K, committed 10176K, reserved 1048576K
}
Event: 38.107 GC heap before
{Heap before GC invocations=40 (full 0):
 garbage-first heap   total 72704K, used 56874K [0x0000000082400000, 0x0000000100000000)
  region size 1024K, 28 young (28672K), 3 survivors (3072K)
 Metaspace       used 79884K, committed 80448K, reserved 1122304K
  class space    used 10183K, committed 10432K, reserved 1048576K
}
Event: 38.113 GC heap after
{Heap after GC invocations=41 (full 0):
 garbage-first heap   total 72704K, used 32975K [0x0000000082400000, 0x0000000100000000)
  region size 1024K, 2 young (2048K), 2 survivors (2048K)
 Metaspace       used 79884K, committed 80448K, reserved 1122304K
  class space    used 10183K, committed 10432K, reserved 1048576K
}
Event: 38.563 GC heap before
{Heap before GC invocations=41 (full 0):
 garbage-first heap   total 72704K, used 58575K [0x0000000082400000, 0x0000000100000000)
  region size 1024K, 28 young (28672K), 2 survivors (2048K)
 Metaspace       used 82338K, committed 82880K, reserved 1122304K
  class space    used 10581K, committed 10816K, reserved 1048576K
}
Event: 38.567 GC heap after
{Heap after GC invocations=42 (full 0):
 garbage-first heap   total 72704K, used 33305K [0x0000000082400000, 0x0000000100000000)
  region size 1024K, 3 young (3072K), 3 survivors (3072K)
 Metaspace       used 82338K, committed 82880K, reserved 1122304K
  class space    used 10581K, committed 10816K, reserved 1048576K
}
Event: 39.031 GC heap before
{Heap before GC invocations=42 (full 0):
 garbage-first heap   total 72704K, used 57881K [0x0000000082400000, 0x0000000100000000)
  region size 1024K, 28 young (28672K), 3 survivors (3072K)
 Metaspace       used 84464K, committed 85056K, reserved 1130496K
  class space    used 10850K, committed 11136K, reserved 1048576K
}
Event: 39.035 GC heap after
{Heap after GC invocations=43 (full 0):
 garbage-first heap   total 72704K, used 35838K [0x0000000082400000, 0x0000000100000000)
  region size 1024K, 4 young (4096K), 4 survivors (4096K)
 Metaspace       used 84464K, committed 85056K, reserved 1130496K
  class space    used 10850K, committed 11136K, reserved 1048576K
}
Event: 141.411 GC heap before
{Heap before GC invocations=43 (full 0):
 garbage-first heap   total 72704K, used 58366K [0x0000000082400000, 0x0000000100000000)
  region size 1024K, 26 young (26624K), 4 survivors (4096K)
 Metaspace       used 86185K, committed 86784K, reserved 1130496K
  class space    used 11045K, committed 11328K, reserved 1048576K
}
Event: 141.421 GC heap after
{Heap after GC invocations=44 (full 0):
 garbage-first heap   total 72704K, used 35976K [0x0000000082400000, 0x0000000100000000)
  region size 1024K, 1 young (1024K), 1 survivors (1024K)
 Metaspace       used 86185K, committed 86784K, reserved 1130496K
  class space    used 11045K, committed 11328K, reserved 1048576K
}
Event: 141.521 GC heap before
{Heap before GC invocations=44 (full 0):
 garbage-first heap   total 72704K, used 35976K [0x0000000082400000, 0x0000000100000000)
  region size 1024K, 2 young (2048K), 1 survivors (1024K)
 Metaspace       used 86251K, committed 86848K, reserved 1130496K
  class space    used 11057K, committed 11328K, reserved 1048576K
}
Event: 141.601 GC heap after
{Heap after GC invocations=45 (full 1):
 garbage-first heap   total 72704K, used 29950K [0x0000000082400000, 0x0000000100000000)
  region size 1024K, 0 young (0K), 0 survivors (0K)
 Metaspace       used 86251K, committed 86848K, reserved 1130496K
  class space    used 11057K, committed 11328K, reserved 1048576K
}
Event: 142.262 GC heap before
{Heap before GC invocations=45 (full 1):
 garbage-first heap   total 72704K, used 55550K [0x0000000082400000, 0x0000000100000000)
  region size 1024K, 26 young (26624K), 0 survivors (0K)
 Metaspace       used 86466K, committed 87104K, reserved 1130496K
  class space    used 11068K, committed 11392K, reserved 1048576K
}
Event: 142.265 GC heap after
{Heap after GC invocations=46 (full 1):
 garbage-first heap   total 72704K, used 32289K [0x0000000082400000, 0x0000000100000000)
  region size 1024K, 3 young (3072K), 3 survivors (3072K)
 Metaspace       used 86466K, committed 87104K, reserved 1130496K
  class space    used 11068K, committed 11392K, reserved 1048576K
}
Event: 142.938 GC heap before
{Heap before GC invocations=46 (full 1):
 garbage-first heap   total 72704K, used 55841K [0x0000000082400000, 0x0000000100000000)
  region size 1024K, 26 young (26624K), 3 survivors (3072K)
 Metaspace       used 86944K, committed 87552K, reserved 1130496K
  class space    used 11094K, committed 11392K, reserved 1048576K
}
Event: 142.945 GC heap after
{Heap after GC invocations=47 (full 1):
 garbage-first heap   total 72704K, used 33922K [0x0000000082400000, 0x0000000100000000)
  region size 1024K, 2 young (2048K), 2 survivors (2048K)
 Metaspace       used 86944K, committed 87552K, reserved 1130496K
  class space    used 11094K, committed 11392K, reserved 1048576K
}
Event: 143.180 GC heap before
{Heap before GC invocations=48 (full 1):
 garbage-first heap   total 72704K, used 56450K [0x0000000082400000, 0x0000000100000000)
  region size 1024K, 24 young (24576K), 2 survivors (2048K)
 Metaspace       used 87254K, committed 87872K, reserved 1130496K
  class space    used 11108K, committed 11392K, reserved 1048576K
}
Event: 143.183 GC heap after
{Heap after GC invocations=49 (full 1):
 garbage-first heap   total 72704K, used 35232K [0x0000000082400000, 0x0000000100000000)
  region size 1024K, 2 young (2048K), 2 survivors (2048K)
 Metaspace       used 87254K, committed 87872K, reserved 1130496K
  class space    used 11108K, committed 11392K, reserved 1048576K
}
Event: 162.655 GC heap before
{Heap before GC invocations=49 (full 1):
 garbage-first heap   total 72704K, used 54688K [0x0000000082400000, 0x0000000100000000)
  region size 1024K, 22 young (22528K), 2 survivors (2048K)
 Metaspace       used 87482K, committed 88064K, reserved 1130496K
  class space    used 11113K, committed 11392K, reserved 1048576K
}
Event: 162.665 GC heap after
{Heap after GC invocations=50 (full 1):
 garbage-first heap   total 72704K, used 38025K [0x0000000082400000, 0x0000000100000000)
  region size 1024K, 3 young (3072K), 3 survivors (3072K)
 Metaspace       used 87482K, committed 88064K, reserved 1130496K
  class space    used 11113K, committed 11392K, reserved 1048576K
}

Dll operation events (11 events):
Event: 0.014 Loaded shared library D:\Softwares\java softwares\eclipse\eclipse\plugins\org.eclipse.justj.openjdk.hotspot.jre.full.win32.x86_64_17.0.6.v20230204-1729\jre\bin\java.dll
Event: 0.539 Loaded shared library D:\Softwares\java softwares\eclipse\eclipse\plugins\org.eclipse.justj.openjdk.hotspot.jre.full.win32.x86_64_17.0.6.v20230204-1729\jre\bin\zip.dll
Event: 0.542 Loaded shared library D:\Softwares\java softwares\eclipse\eclipse\plugins\org.eclipse.justj.openjdk.hotspot.jre.full.win32.x86_64_17.0.6.v20230204-1729\jre\bin\instrument.dll
Event: 0.563 Loaded shared library D:\Softwares\java softwares\eclipse\eclipse\plugins\org.eclipse.justj.openjdk.hotspot.jre.full.win32.x86_64_17.0.6.v20230204-1729\jre\bin\net.dll
Event: 0.564 Loaded shared library D:\Softwares\java softwares\eclipse\eclipse\plugins\org.eclipse.justj.openjdk.hotspot.jre.full.win32.x86_64_17.0.6.v20230204-1729\jre\bin\nio.dll
Event: 0.573 Loaded shared library D:\Softwares\java softwares\eclipse\eclipse\plugins\org.eclipse.justj.openjdk.hotspot.jre.full.win32.x86_64_17.0.6.v20230204-1729\jre\bin\zip.dll
Event: 0.850 Loaded shared library D:\Softwares\java softwares\eclipse\eclipse\plugins\org.eclipse.justj.openjdk.hotspot.jre.full.win32.x86_64_17.0.6.v20230204-1729\jre\bin\jimage.dll
Event: 0.925 Loaded shared library D:\Softwares\java softwares\eclipse\eclipse\plugins\org.eclipse.justj.openjdk.hotspot.jre.full.win32.x86_64_17.0.6.v20230204-1729\jre\bin\verify.dll
Event: 1.448 Loaded shared library D:\Softwares\java softwares\eclipse\eclipse\plugins\org.eclipse.justj.openjdk.hotspot.jre.full.win32.x86_64_17.0.6.v20230204-1729\jre\bin\management.dll
Event: 1.514 Loaded shared library D:\Softwares\java softwares\eclipse\eclipse\plugins\org.eclipse.justj.openjdk.hotspot.jre.full.win32.x86_64_17.0.6.v20230204-1729\jre\bin\management_ext.dll
Event: 7.920 Loaded shared library D:\Softwares\java softwares\eclipse\eclipse\plugins\org.eclipse.justj.openjdk.hotspot.jre.full.win32.x86_64_17.0.6.v20230204-1729\jre\bin\sunmscapi.dll

Deoptimization events (20 events):
Event: 211.241 Thread 0x000001d7c40d5460 DEOPT PACKING pc=0x000001d7aa4477a9 sp=0x0000007b6a1f8a30
Event: 211.241 Thread 0x000001d7c40d5460 DEOPT UNPACKING pc=0x000001d7b1407143 sp=0x0000007b6a1f7f08 mode 1
Event: 211.241 Thread 0x000001d7c40d5460 DEOPT PACKING pc=0x000001d7aa51d904 sp=0x0000007b6a1f8ac0
Event: 211.241 Thread 0x000001d7c40d5460 DEOPT UNPACKING pc=0x000001d7b1407143 sp=0x0000007b6a1f8070 mode 1
Event: 211.241 Thread 0x000001d7c40d5460 DEOPT PACKING pc=0x000001d7aa39e8cc sp=0x0000007b6a1f8c30
Event: 211.241 Thread 0x000001d7c40d5460 DEOPT UNPACKING pc=0x000001d7b1407143 sp=0x0000007b6a1f8200 mode 1
Event: 211.241 Thread 0x000001d7c40d5460 Uncommon trap: trap_request=0xffffff97 fr.pc=0x000001d7b19e8740 relative=0x0000000000000120
Event: 211.241 Thread 0x000001d7c40d5460 Uncommon trap: reason=unhandled action=none pc=0x000001d7b19e8740 method=jdk.internal.loader.BuiltinClassLoader.loadClass(Ljava/lang/String;Z)Ljava/lang/Class; @ 19 c2
Event: 211.241 Thread 0x000001d7c40d5460 DEOPT PACKING pc=0x000001d7b19e8740 sp=0x0000007b6a1f82c0
Event: 211.241 Thread 0x000001d7c40d5460 DEOPT UNPACKING pc=0x000001d7b14069a3 sp=0x0000007b6a1f81e0 mode 2
Event: 211.241 Thread 0x000001d7c40d5460 DEOPT PACKING pc=0x000001d7b19d2448 sp=0x0000007b6a1f8310
Event: 211.241 Thread 0x000001d7c40d5460 DEOPT UNPACKING pc=0x000001d7b1407143 sp=0x0000007b6a1f77a8 mode 1
Event: 211.241 Thread 0x000001d7c40d5460 DEOPT PACKING pc=0x000001d7b1b64e58 sp=0x0000007b6a1f8ce0
Event: 211.241 Thread 0x000001d7c40d5460 DEOPT UNPACKING pc=0x000001d7b1407143 sp=0x0000007b6a1f8170 mode 1
Event: 211.241 Thread 0x000001d7c40d5460 DEOPT PACKING pc=0x000001d7b19d2448 sp=0x0000007b6a1f8df0
Event: 211.241 Thread 0x000001d7c40d5460 DEOPT UNPACKING pc=0x000001d7b1407143 sp=0x0000007b6a1f8288 mode 1
Event: 211.241 Thread 0x000001d7c40d5460 DEOPT PACKING pc=0x000001d7b1b64e58 sp=0x0000007b6a1f97c0
Event: 211.241 Thread 0x000001d7c40d5460 DEOPT UNPACKING pc=0x000001d7b1407143 sp=0x0000007b6a1f8c50 mode 1
Event: 211.243 Thread 0x000001d7c40d5460 DEOPT PACKING pc=0x000001d7b1b64e58 sp=0x0000007b6a1fa390
Event: 211.243 Thread 0x000001d7c40d5460 DEOPT UNPACKING pc=0x000001d7b1407143 sp=0x0000007b6a1f9820 mode 1

Classes unloaded (1 events):
Event: 18.349 Thread 0x000001d7c06dea20 Unloading class 0x0000000100914000 'jdk/internal/reflect/GeneratedSerializationConstructorAccessor1'

Classes redefined (2 events):
Event: 140.985 Thread 0x000001d7c06dea20 redefined class name=com.akash.securityboilercode.controllers.EmployeesController, count=1
Event: 244.181 Thread 0x000001d7c06dea20 redefined class name=com.akash.securityboilercode.controllers.EmployeesController, count=2

Internal exceptions (20 events):
Event: 141.477 Thread 0x000001d7c40d5e00 Exception <a 'java/io/IOException'{0x000000008a19ae00}> (0x000000008a19ae00) 
thrown [s\src\hotspot\share\prims\jni.cpp, line 516]
Event: 141.478 Thread 0x000001d7c40d5e00 Exception <a 'java/io/IOException'{0x000000008a19d688}> (0x000000008a19d688) 
thrown [s\src\hotspot\share\prims\jni.cpp, line 516]
Event: 141.479 Thread 0x000001d7c40d5e00 Exception <a 'java/io/IOException'{0x000000008a19e1c8}> (0x000000008a19e1c8) 
thrown [s\src\hotspot\share\prims\jni.cpp, line 516]
Event: 141.640 Thread 0x000001d7c40d7fb0 Exception <a 'sun/nio/fs/WindowsException'{0x000000008a1907b8}> (0x000000008a1907b8) 
thrown [s\src\hotspot\share\prims\jni.cpp, line 516]
Event: 142.389 Thread 0x000001d7c40d7fb0 Exception <a 'java/lang/NoClassDefFoundError'{0x0000000086672380}: org/flywaydb/core/Flyway> (0x0000000086672380) 
thrown [s\src\hotspot\share\oops\constantPool.cpp, line 835]
Event: 142.390 Thread 0x000001d7c40d7fb0 Exception <a 'java/lang/NoClassDefFoundError'{0x00000000866729d0}: liquibase/integration/spring/SpringLiquibase> (0x00000000866729d0) 
thrown [s\src\hotspot\share\oops\constantPool.cpp, line 835]
Event: 142.398 Thread 0x000001d7c40d7fb0 Exception <a 'java/lang/NoClassDefFoundError'{0x00000000866cda30}: org/jooq/DSLContext> (0x00000000866cda30) 
thrown [s\src\hotspot\share\oops\constantPool.cpp, line 835]
Event: 142.401 Thread 0x000001d7c40d7fb0 Exception <a 'java/lang/NoClassDefFoundError'{0x00000000866dbc70}: org/springframework/batch/core/repository/JobRepository> (0x00000000866dbc70) 
thrown [s\src\hotspot\share\oops\constantPool.cpp, line 835]
Event: 142.402 Thread 0x000001d7c40d7fb0 Exception <a 'java/lang/NoClassDefFoundError'{0x00000000866dc2b8}: org/quartz/Scheduler> (0x00000000866dc2b8) 
thrown [s\src\hotspot\share\oops\constantPool.cpp, line 835]
Event: 142.403 Thread 0x000001d7c40d7fb0 Exception <a 'java/lang/NoClassDefFoundError'{0x00000000866dc928}: org/springframework/session/jdbc/JdbcIndexedSessionRepository> (0x00000000866dc928) 
thrown [s\src\hotspot\share\oops\constantPool.cpp, line 835]
Event: 142.483 Thread 0x000001d7c40d7fb0 Exception <a 'sun/nio/fs/WindowsException'{0x0000000085f4b030}> (0x0000000085f4b030) 
thrown [s\src\hotspot\share\prims\jni.cpp, line 516]
Event: 142.484 Thread 0x000001d7c40d7fb0 Exception <a 'sun/nio/fs/WindowsException'{0x0000000085f4b758}> (0x0000000085f4b758) 
thrown [s\src\hotspot\share\prims\jni.cpp, line 516]
Event: 142.484 Thread 0x000001d7c40d7fb0 Exception <a 'sun/nio/fs/WindowsException'{0x0000000085f4be50}> (0x0000000085f4be50) 
thrown [s\src\hotspot\share\prims\jni.cpp, line 516]
Event: 142.503 Thread 0x000001d7c40d7fb0 Exception <a 'java/io/FileNotFoundException'{0x0000000085f921c0}> (0x0000000085f921c0) 
thrown [s\src\hotspot\share\prims\jni.cpp, line 516]
Event: 143.052 Thread 0x000001d7c40d7fb0 Exception <a 'java/lang/reflect/InvocationTargetException'{0x00000000861902f0}> (0x00000000861902f0) 
thrown [s\src\hotspot\share\runtime\reflection.cpp, line 1121]
Event: 143.054 Thread 0x000001d7c40d7fb0 Exception <a 'java/lang/reflect/InvocationTargetException'{0x000000008619b680}> (0x000000008619b680) 
thrown [s\src\hotspot\share\runtime\reflection.cpp, line 1121]
Event: 143.121 Thread 0x000001d7c40d7fb0 Exception <a 'java/lang/reflect/InvocationTargetException'{0x0000000085a4bc48}> (0x0000000085a4bc48) 
thrown [s\src\hotspot\share\runtime\reflection.cpp, line 1121]
Event: 192.373 Thread 0x000001d7c40d62d0 Exception <a 'java/lang/NoSuchMethodError'{0x000000008642cd88}: 'java.lang.Object java.lang.invoke.Invokers$Holder.linkToTargetMethod(java.lang.Object, int, java.lang.Object, java.lang.Object, java.lang.Object, java.lang.Object)'> (0x000000008642cd88) 
thrown [s\src\hotspot\share\interpreter\linkResolver.cpp, line 759]
Event: 192.397 Thread 0x000001d7c40d62d0 Exception <a 'java/lang/NoSuchMethodError'{0x00000000864ec108}: 'java.lang.Object java.lang.invoke.DirectMethodHandle$Holder.invokeStatic(java.lang.Object, int, java.lang.Object)'> (0x00000000864ec108) 
thrown [s\src\hotspot\share\interpreter\linkResolver.cpp, line 759]
Event: 192.398 Thread 0x000001d7c40d62d0 Exception <a 'java/lang/NoSuchMethodError'{0x00000000864f2fe8}: 'void java.lang.invoke.DirectMethodHandle$Holder.invokeSpecial(java.lang.Object, java.lang.Object, java.lang.Object, java.lang.Object, java.lang.Object, java.lang.Object, java.lang.Object, java.lang.Object, java.lang.Object)'> (0x00000000864f2fe8) 
thrown [s\src\hotspot\share\interpreter\linkResolver.cpp, line 759]

VM Operations (20 events):
Event: 172.407 Executing VM operation: get/set locals done
Event: 172.410 Executing VM operation: get/set locals
Event: 172.410 Executing VM operation: get/set locals done
Event: 173.419 Executing VM operation: Cleanup
Event: 173.419 Executing VM operation: Cleanup done
Event: 182.486 Executing VM operation: Cleanup
Event: 182.487 Executing VM operation: Cleanup done
Event: 192.550 Executing VM operation: Cleanup
Event: 192.550 Executing VM operation: Cleanup done
Event: 193.562 Executing VM operation: Cleanup
Event: 193.563 Executing VM operation: Cleanup done
Event: 202.628 Executing VM operation: Cleanup
Event: 202.628 Executing VM operation: Cleanup done
Event: 210.676 Executing VM operation: Cleanup
Event: 210.676 Executing VM operation: Cleanup done
Event: 211.689 Executing VM operation: Cleanup
Event: 211.689 Executing VM operation: Cleanup done
Event: 214.720 Executing VM operation: Cleanup
Event: 214.720 Executing VM operation: Cleanup done
Event: 244.165 Executing VM operation: RedefineClasses

Events (20 events):
Event: 143.506 Thread 0x000001d7c40d32b0 Thread added: 0x000001d7c40d32b0
Event: 143.513 Thread 0x000001d7c40d3c50 Thread added: 0x000001d7c40d3c50
Event: 143.514 Thread 0x000001d7c40d3780 Thread added: 0x000001d7c40d3780
Event: 143.546 Thread 0x000001d7c40d9c90 Thread exited: 0x000001d7c40d9c90
Event: 143.547 Thread 0x000001d7c40d7fb0 Thread exited: 0x000001d7c40d7fb0
Event: 145.493 Thread 0x000001d7c778b3d0 Thread exited: 0x000001d7c778b3d0
Event: 145.493 Thread 0x000001d7c778c810 Thread exited: 0x000001d7c778c810
Event: 148.284 Thread 0x000001d7c40d8480 Thread exited: 0x000001d7c40d8480
Event: 159.277 Thread 0x000001d7c885e560 Thread added: 0x000001d7c885e560
Event: 159.487 Thread 0x000001d7c885e050 Thread added: 0x000001d7c885e050
Event: 161.519 Thread 0x000001d7c885e050 Thread exited: 0x000001d7c885e050
Event: 162.644 Thread 0x000001d7c885e560 Thread exited: 0x000001d7c885e560
Event: 162.826 Thread 0x000001d7c885b7d0 Thread added: 0x000001d7c885b7d0
Event: 162.833 loading class java/lang/StringEditor
Event: 162.833 loading class java/lang/StringEditor done
Event: 162.854 Thread 0x000001d7c885ef80 Thread added: 0x000001d7c885ef80
Event: 169.521 Thread 0x000001d7c885ef80 Thread exited: 0x000001d7c885ef80
Event: 169.521 Thread 0x000001d7c885b7d0 Thread exited: 0x000001d7c885b7d0
Event: 192.532 Thread 0x000001d7c8858530 Thread added: 0x000001d7c8858530
Event: 197.818 Thread 0x000001d7c8858530 Thread exited: 0x000001d7c8858530


Dynamic libraries:
0x00007ff7c4e30000 - 0x00007ff7c4e3e000 	D:\Softwares\java softwares\eclipse\eclipse\plugins\org.eclipse.justj.openjdk.hotspot.jre.full.win32.x86_64_17.0.6.v20230204-1729\jre\bin\javaw.exe
0x00007ffbc4ef0000 - 0x00007ffbc50e8000 	C:\WINDOWS\SYSTEM32\ntdll.dll
0x00007ffbc4100000 - 0x00007ffbc41bf000 	C:\WINDOWS\System32\KERNEL32.DLL
0x00007ffbc2810000 - 0x00007ffbc2b06000 	C:\WINDOWS\System32\KERNELBASE.dll
0x00007ffbc2c70000 - 0x00007ffbc2d70000 	C:\WINDOWS\System32\ucrtbase.dll
0x00007ffba2560000 - 0x00007ffba2577000 	D:\Softwares\java softwares\eclipse\eclipse\plugins\org.eclipse.justj.openjdk.hotspot.jre.full.win32.x86_64_17.0.6.v20230204-1729\jre\bin\jli.dll
0x00007ffbc3b80000 - 0x00007ffbc3d1d000 	C:\WINDOWS\System32\USER32.dll
0x00007ffbc2da0000 - 0x00007ffbc2dc2000 	C:\WINDOWS\System32\win32u.dll
0x00007ffbaaab0000 - 0x00007ffbaad4a000 	C:\WINDOWS\WinSxS\amd64_microsoft.windows.common-controls_6595b64144ccf1df_6.0.19041.1110_none_60b5254171f9507e\COMCTL32.dll
0x00007ffbc37c0000 - 0x00007ffbc37ec000 	C:\WINDOWS\System32\GDI32.dll
0x00007ffbc3180000 - 0x00007ffbc321e000 	C:\WINDOWS\System32\msvcrt.dll
0x00007ffbc25d0000 - 0x00007ffbc26e5000 	C:\WINDOWS\System32\gdi32full.dll
0x00007ffbc2e60000 - 0x00007ffbc2efd000 	C:\WINDOWS\System32\msvcp_win.dll
0x00007ffbbd990000 - 0x00007ffbbd9a9000 	D:\Softwares\java softwares\eclipse\eclipse\plugins\org.eclipse.justj.openjdk.hotspot.jre.full.win32.x86_64_17.0.6.v20230204-1729\jre\bin\VCRUNTIME140.dll
0x00007ffbc49d0000 - 0x00007ffbc4a00000 	C:\WINDOWS\System32\IMM32.DLL
0x00007ffbbf7d0000 - 0x00007ffbbf7dc000 	D:\Softwares\java softwares\eclipse\eclipse\plugins\org.eclipse.justj.openjdk.hotspot.jre.full.win32.x86_64_17.0.6.v20230204-1729\jre\bin\vcruntime140_1.dll
0x00007ffbaf8b0000 - 0x00007ffbaf941000 	D:\Softwares\java softwares\eclipse\eclipse\plugins\org.eclipse.justj.openjdk.hotspot.jre.full.win32.x86_64_17.0.6.v20230204-1729\jre\bin\msvcp140.dll
0x00007ffb64350000 - 0x00007ffb64f97000 	D:\Softwares\java softwares\eclipse\eclipse\plugins\org.eclipse.justj.openjdk.hotspot.jre.full.win32.x86_64_17.0.6.v20230204-1729\jre\bin\server\jvm.dll
0x00007ffbc4050000 - 0x00007ffbc40ff000 	C:\WINDOWS\System32\ADVAPI32.dll
0x00007ffbc3980000 - 0x00007ffbc3a1c000 	C:\WINDOWS\System32\sechost.dll
0x00007ffbc3850000 - 0x00007ffbc3976000 	C:\WINDOWS\System32\RPCRT4.dll
0x00007ffba0e40000 - 0x00007ffba0e49000 	C:\WINDOWS\SYSTEM32\WSOCK32.dll
0x00007ffbbb700000 - 0x00007ffbbb70a000 	C:\WINDOWS\SYSTEM32\VERSION.dll
0x00007ffba7e40000 - 0x00007ffba7e67000 	C:\WINDOWS\SYSTEM32\WINMM.dll
0x00007ffbc3b10000 - 0x00007ffbc3b7b000 	C:\WINDOWS\System32\WS2_32.dll
0x00007ffbc0e00000 - 0x00007ffbc0e12000 	C:\WINDOWS\SYSTEM32\kernel.appcore.dll
0x00007ffbacf60000 - 0x00007ffbacf6a000 	D:\Softwares\java softwares\eclipse\eclipse\plugins\org.eclipse.justj.openjdk.hotspot.jre.full.win32.x86_64_17.0.6.v20230204-1729\jre\bin\jimage.dll
0x00007ffbc09b0000 - 0x00007ffbc0b94000 	C:\WINDOWS\SYSTEM32\DBGHELP.DLL
0x00007ffba49e0000 - 0x00007ffba4a14000 	C:\WINDOWS\SYSTEM32\dbgcore.DLL
0x00007ffbc2dd0000 - 0x00007ffbc2e52000 	C:\WINDOWS\System32\bcryptPrimitives.dll
0x00007ffbb6e20000 - 0x00007ffbb6e5b000 	D:\Softwares\java softwares\eclipse\eclipse\plugins\org.eclipse.justj.openjdk.hotspot.jre.full.win32.x86_64_17.0.6.v20230204-1729\jre\bin\jdwp.dll
0x00007ffbacdb0000 - 0x00007ffbacdbe000 	D:\Softwares\java softwares\eclipse\eclipse\plugins\org.eclipse.justj.openjdk.hotspot.jre.full.win32.x86_64_17.0.6.v20230204-1729\jre\bin\instrument.dll
0x00007ffb90890000 - 0x00007ffb908b5000 	D:\Softwares\java softwares\eclipse\eclipse\plugins\org.eclipse.justj.openjdk.hotspot.jre.full.win32.x86_64_17.0.6.v20230204-1729\jre\bin\java.dll
0x00007ffb8e130000 - 0x00007ffb8e148000 	D:\Softwares\java softwares\eclipse\eclipse\plugins\org.eclipse.justj.openjdk.hotspot.jre.full.win32.x86_64_17.0.6.v20230204-1729\jre\bin\zip.dll
0x00007ffbc41d0000 - 0x00007ffbc4914000 	C:\WINDOWS\System32\SHELL32.dll
0x00007ffbc0210000 - 0x00007ffbc09a3000 	C:\WINDOWS\SYSTEM32\windows.storage.dll
0x00007ffbc4a00000 - 0x00007ffbc4d54000 	C:\WINDOWS\System32\combase.dll
0x00007ffbc2020000 - 0x00007ffbc204e000 	C:\WINDOWS\SYSTEM32\Wldp.dll
0x00007ffbc3710000 - 0x00007ffbc37bd000 	C:\WINDOWS\System32\SHCORE.dll
0x00007ffbc4d60000 - 0x00007ffbc4db5000 	C:\WINDOWS\System32\shlwapi.dll
0x00007ffbc2510000 - 0x00007ffbc252f000 	C:\WINDOWS\SYSTEM32\profapi.dll
0x00007ffbbcf20000 - 0x00007ffbbcf2c000 	D:\Softwares\java softwares\eclipse\eclipse\plugins\org.eclipse.justj.openjdk.hotspot.jre.full.win32.x86_64_17.0.6.v20230204-1729\jre\bin\dt_socket.dll
0x00007ffbc19f0000 - 0x00007ffbc1a2c000 	C:\WINDOWS\SYSTEM32\IPHLPAPI.DLL
0x00007ffbc1d60000 - 0x00007ffbc1dca000 	C:\WINDOWS\system32\mswsock.dll
0x00007ffbc1a40000 - 0x00007ffbc1b0a000 	C:\WINDOWS\SYSTEM32\DNSAPI.dll
0x00007ffbc3a20000 - 0x00007ffbc3a28000 	C:\WINDOWS\System32\NSI.dll
0x00007ffbabba0000 - 0x00007ffbabbaa000 	C:\Windows\System32\rasadhlp.dll
0x00007ffbb2d50000 - 0x00007ffbb2dd2000 	C:\WINDOWS\System32\fwpuclnt.dll
0x00007ffbc2d70000 - 0x00007ffbc2d97000 	C:\WINDOWS\System32\bcrypt.dll
0x00007ffb8e110000 - 0x00007ffb8e129000 	D:\Softwares\java softwares\eclipse\eclipse\plugins\org.eclipse.justj.openjdk.hotspot.jre.full.win32.x86_64_17.0.6.v20230204-1729\jre\bin\net.dll
0x00007ffbb5c40000 - 0x00007ffbb5d4a000 	C:\WINDOWS\SYSTEM32\WINHTTP.dll
0x00007ffb8dfa0000 - 0x00007ffb8dfb5000 	D:\Softwares\java softwares\eclipse\eclipse\plugins\org.eclipse.justj.openjdk.hotspot.jre.full.win32.x86_64_17.0.6.v20230204-1729\jre\bin\nio.dll
0x00007ffbaca50000 - 0x00007ffbaca60000 	D:\Softwares\java softwares\eclipse\eclipse\plugins\org.eclipse.justj.openjdk.hotspot.jre.full.win32.x86_64_17.0.6.v20230204-1729\jre\bin\verify.dll
0x00007ffbbcf10000 - 0x00007ffbbcf19000 	D:\Softwares\java softwares\eclipse\eclipse\plugins\org.eclipse.justj.openjdk.hotspot.jre.full.win32.x86_64_17.0.6.v20230204-1729\jre\bin\management.dll
0x00007ffbbcf00000 - 0x00007ffbbcf0b000 	D:\Softwares\java softwares\eclipse\eclipse\plugins\org.eclipse.justj.openjdk.hotspot.jre.full.win32.x86_64_17.0.6.v20230204-1729\jre\bin\management_ext.dll
0x00007ffbc41c0000 - 0x00007ffbc41c8000 	C:\WINDOWS\System32\PSAPI.DLL
0x00007ffbc1f70000 - 0x00007ffbc1f88000 	C:\WINDOWS\SYSTEM32\CRYPTSP.dll
0x00007ffbc15f0000 - 0x00007ffbc1624000 	C:\WINDOWS\system32\rsaenh.dll
0x00007ffbc24d0000 - 0x00007ffbc24fe000 	C:\WINDOWS\SYSTEM32\USERENV.dll
0x00007ffbc1f90000 - 0x00007ffbc1f9c000 	C:\WINDOWS\SYSTEM32\CRYPTBASE.dll
0x00007ffbb7b30000 - 0x00007ffbb7b47000 	C:\WINDOWS\SYSTEM32\dhcpcsvc6.DLL
0x00007ffbb8010000 - 0x00007ffbb802d000 	C:\WINDOWS\SYSTEM32\dhcpcsvc.DLL
0x00007ffbaca20000 - 0x00007ffbaca2e000 	D:\Softwares\java softwares\eclipse\eclipse\plugins\org.eclipse.justj.openjdk.hotspot.jre.full.win32.x86_64_17.0.6.v20230204-1729\jre\bin\sunmscapi.dll
0x00007ffbc2b10000 - 0x00007ffbc2c6e000 	C:\WINDOWS\System32\CRYPT32.dll
0x00007ffbc2090000 - 0x00007ffbc20b8000 	C:\WINDOWS\SYSTEM32\ncrypt.dll
0x00007ffbc2050000 - 0x00007ffbc208b000 	C:\WINDOWS\SYSTEM32\NTASN1.dll
0x00007ffbbcaa0000 - 0x00007ffbbcaa7000 	C:\WINDOWS\system32\wshunix.dll

dbghelp: loaded successfully - version: 4.0.5 - missing functions: none
symbol engine: initialized successfully - sym options: 0x614 - pdb path: .;D:\Softwares\java softwares\eclipse\eclipse\plugins\org.eclipse.justj.openjdk.hotspot.jre.full.win32.x86_64_17.0.6.v20230204-1729\jre\bin;C:\WINDOWS\SYSTEM32;C:\WINDOWS\WinSxS\amd64_microsoft.windows.common-controls_6595b64144ccf1df_6.0.19041.1110_none_60b5254171f9507e;D:\Softwares\java softwares\eclipse\eclipse\plugins\org.eclipse.justj.openjdk.hotspot.jre.full.win32.x86_64_17.0.6.v20230204-1729\jre\bin\server

VM Arguments:
jvm_args: -XX:+ShowCodeDetailsInExceptionMessages -agentlib:jdwp=transport=dt_socket,suspend=y,address=localhost:62395 -javaagent:D:\Softwares\java softwares\eclipse\eclipse\configuration\org.eclipse.osgi\424\0\.cp\lib\javaagent-shaded.jar -Dfile.encoding=UTF-8 
java_command: com.akash.securityboilercode.SecurityBoilerCodeApplication
java_class_path (initial): D:\eclipse_workspace\Security_Boiler_code\target\classes;C:\Users\Akash Verma\.m2\repository\org\springframework\boot\spring-boot-starter-data-jpa\3.1.0\spring-boot-starter-data-jpa-3.1.0.jar;C:\Users\Akash Verma\.m2\repository\org\springframework\boot\spring-boot-starter-aop\3.1.0\spring-boot-starter-aop-3.1.0.jar;C:\Users\Akash Verma\.m2\repository\org\aspectj\aspectjweaver\1.9.19\aspectjweaver-1.9.19.jar;C:\Users\Akash Verma\.m2\repository\org\springframework\boot\spring-boot-starter-jdbc\3.1.0\spring-boot-starter-jdbc-3.1.0.jar;C:\Users\Akash Verma\.m2\repository\com\zaxxer\HikariCP\5.0.1\HikariCP-5.0.1.jar;C:\Users\Akash Verma\.m2\repository\org\springframework\spring-jdbc\6.0.9\spring-jdbc-6.0.9.jar;C:\Users\Akash Verma\.m2\repository\org\hibernate\orm\hibernate-core\6.2.2.Final\hibernate-core-6.2.2.Final.jar;C:\Users\Akash Verma\.m2\repository\jakarta\persistence\jakarta.persistence-api\3.1.0\jakarta.persistence-api-3.1.0.jar;C:\Users\Akash Verma\.m2\repository\jakarta\transaction\jakarta.transaction-api\2.0.1\jakarta.transaction-api-2.0.1.jar;C:\Users\Akash Verma\.m2\repository\org\jboss\logging\jboss-logging\3.5.0.Final\jboss-logging-3.5.0.Final.jar;C:\Users\Akash Verma\.m2\repository\org\hibernate\common\hibernate-commons-annotations\6.0.6.Final\hibernate-commons-annotations-6.0.6.Final.jar;C:\Users\Akash Verma\.m2\repository\io\smallrye\jandex\3.0.5\jandex-3.0.5.jar;C:\Users\Akash Verma\.m2\repository\com\fasterxml\classmate\1.5.1\classmate-1.5.1.jar;C:\Users\Akash Verma\.m2\repository\net\bytebuddy\byte-buddy\1.14.4\byte-buddy-1.14.4.jar;C:\Users\Akash Verma\.m2\repository\org\glassfish\jaxb\jaxb-runtime\4.0.2\jaxb-runtime-4.0.2.jar;C:\Users\Akash Verma\.m2\repository\org\glassfish\jaxb\jaxb-core\4.0.2\jaxb-core-4.0.2.jar;C:\Users\Akash Verma\.m2\repository\org\eclipse\angus\angus-activation\2.0.0\angus-activation-2.0.0.jar;C:\Users\Akash Verma\.m2\repository\org\glassfish\jaxb\txw2\4.0.2\txw2-4.0.2.jar;C:\Users\Akash Verma\.
Launcher Type: SUN_STANDARD

[Global flags]
     intx CICompilerCount                          = 4                                         {product} {ergonomic}
     uint ConcGCThreads                            = 2                                         {product} {ergonomic}
     uint G1ConcRefinementThreads                  = 8                                         {product} {ergonomic}
   size_t G1HeapRegionSize                         = 1048576                                   {product} {ergonomic}
    uintx GCDrainStackTargetSize                   = 64                                        {product} {ergonomic}
   size_t InitialHeapSize                          = 132120576                                 {product} {ergonomic}
   size_t MarkStackSize                            = 4194304                                   {product} {ergonomic}
   size_t MaxHeapSize                              = 2109734912                                {product} {ergonomic}
   size_t MaxNewSize                               = 1265631232                                {product} {ergonomic}
   size_t MinHeapDeltaBytes                        = 1048576                                   {product} {ergonomic}
   size_t MinHeapSize                              = 8388608                                   {product} {ergonomic}
    uintx NonNMethodCodeHeapSize                   = 5839372                                {pd product} {ergonomic}
    uintx NonProfiledCodeHeapSize                  = 122909434                              {pd product} {ergonomic}
    uintx ProfiledCodeHeapSize                     = 122909434                              {pd product} {ergonomic}
    uintx ReservedCodeCacheSize                    = 251658240                              {pd product} {ergonomic}
     bool SegmentedCodeCache                       = true                                      {product} {ergonomic}
     bool ShowCodeDetailsInExceptionMessages       = true                                   {manageable} {command line}
   size_t SoftMaxHeapSize                          = 2109734912                             {manageable} {ergonomic}
     bool UseCompressedClassPointers               = true                           {product lp64_product} {ergonomic}
     bool UseCompressedOops                        = true                           {product lp64_product} {ergonomic}
     bool UseG1GC                                  = true                                      {product} {ergonomic}
     bool UseLargePagesIndividualAllocation        = false                                  {pd product} {ergonomic}

Logging:
Log output configuration:
 #0: stdout all=warning uptime,level,tags
 #1: stderr all=off uptime,level,tags

Environment Variables:
PATH=D:\Softwares\java softwares\eclipse\eclipse\plugins\org.eclipse.justj.openjdk.hotspot.jre.full.win32.x86_64_17.0.6.v20230204-1729\jre\bin;D:/Softwares/java softwares/eclipse/eclipse//plugins/org.eclipse.justj.openjdk.hotspot.jre.full.win32.x86_64_17.0.6.v20230204-1729/jre/bin/server;D:/Softwares/java softwares/eclipse/eclipse//plugins/org.eclipse.justj.openjdk.hotspot.jre.full.win32.x86_64_17.0.6.v20230204-1729/jre/bin;C:\Program Files (x86)\Common Files\Oracle\Java\javapath;C:\Windows\system32;C:\Windows;C:\Windows\System32\Wbem;C:\Windows\System32\WindowsPowerShell\v1.0\;C:\Windows\System32\OpenSSH\;C:\Program Files (x86)\NVIDIA Corporation\PhysX\Common;C:\WINDOWS\system32;C:\WINDOWS;C:\WINDOWS\System32\Wbem;C:\WINDOWS\System32\WindowsPowerShell\v1.0\;C:\WINDOWS\System32\OpenSSH\;C:\Program Files\Git\cmd;D:\Softwares\instantclient-basiclite-windows.x64-19.6.0.0.0dbru\instantclient_19_6;C:\Program Files\PostgreSQL\12\bin;C:\Program Files\PostgreSQL\12\lib;C:\Program Files\nodejs\;C:\Program Files\Azure Data Studio\bin;C:\Program Files\dotnet\;D:\Softwares\lftp-4.4.15.win64-openssl-1.0.1g\bin;C:\Program Files (x86)\Java\jdk1.8.0_202\bin;C:\Program Files\MySQL\MySQL Server 8.0\bin;C:\Program Files\MySQL\MySQL Shell 8.0\bin\;C:\Users\Akash Verma\AppData\Local\Programs\Python\Python38\Scripts\;C:\Users\Akash Verma\AppData\Local\Programs\Python\Python38\;C:\Users\Akash Verma\AppData\Local\Microsoft\WindowsApps;C:\Users\Akash Verma\AppData\Local\Programs\Microsoft VS Code\bin;C:\Users\Akash Verma\AppData\Roaming\npm;C:\Program Files\Azure Data Studio\bin;C:\Users\Akash Verma\.dotnet\tools;;D:\Softwares\java softwares\eclipse\eclipse;
USERNAME=Akash Verma
OS=Windows_NT
PROCESSOR_IDENTIFIER=Intel64 Family 6 Model 142 Stepping 12, GenuineIntel
TMP=C:\Users\AKASHV~1\AppData\Local\Temp
TEMP=C:\Users\AKASHV~1\AppData\Local\Temp



---------------  S Y S T E M  ---------------

OS:
 Windows 10 , 64 bit Build 19041 (10.0.19041.3031)
OS uptime: 21 days 0:47 hours
Hyper-V role detected

CPU: total 8 (initial active 8) (4 cores per cpu, 2 threads per core) family 6 model 142 stepping 12 microcode 0xbe, cx8, cmov, fxsr, ht, mmx, 3dnowpref, sse, sse2, sse3, ssse3, sse4.1, sse4.2, popcnt, lzcnt, tsc, tscinvbit, avx, avx2, aes, erms, clmul, bmi1, bmi2, adx, fma, vzeroupper, clflush, clflushopt, hv

Memory: 4k page, system-wide physical 8043M (1330M free)
TotalPageFile size 12103M (AvailPageFile size 2307M)
current process WorkingSet (physical memory assigned to process): 297M, peak: 411M
current process commit charge ("private bytes"): 326M, peak: 442M

vm_info: OpenJDK 64-Bit Server VM (17.0.6+10) for windows-amd64 JRE (17.0.6+10), built on Jan 18 2023 10:08:59 by "temurin" with MS VC++ 16.7 (VS2019)

END.
